<?xml version="1.0" encoding="UTF-8"?>
<coverage generated="1762260771693" clover="3.2.0">
  <project timestamp="1762260771693" name="All files">
    <metrics statements="72" coveredstatements="63" conditionals="38" coveredconditionals="30" methods="10" coveredmethods="8" elements="120" coveredelements="101" complexity="0" loc="72" ncloc="72" packages="2" files="2" classes="2"/>
    <package name="ocr2">
      <metrics statements="33" coveredstatements="24" conditionals="14" coveredconditionals="9" methods="7" coveredmethods="5"/>
      <file name="server-utils.js" path="D:\LABUBU\automatizacion\ocr2\server-utils.js">
        <metrics statements="33" coveredstatements="24" conditionals="14" coveredconditionals="9" methods="7" coveredmethods="5"/>
        <line num="4" count="1" type="cond" truecount="0" falsecount="2"/>
        <line num="6" count="0" type="stmt"/>
        <line num="7" count="0" type="stmt"/>
        <line num="8" count="0" type="stmt"/>
        <line num="10" count="0" type="stmt"/>
        <line num="11" count="0" type="cond" truecount="0" falsecount="2"/>
        <line num="12" count="0" type="stmt"/>
        <line num="13" count="0" type="stmt"/>
        <line num="15" count="0" type="stmt"/>
        <line num="19" count="0" type="stmt"/>
        <line num="24" count="4" type="stmt"/>
        <line num="31" count="1" type="stmt"/>
        <line num="32" count="3" type="stmt"/>
        <line num="33" count="3" type="stmt"/>
        <line num="34" count="67" type="stmt"/>
        <line num="35" count="28" type="stmt"/>
        <line num="36" count="69" type="cond" truecount="2" falsecount="0"/>
        <line num="38" count="13" type="stmt"/>
        <line num="41" count="3" type="stmt"/>
        <line num="42" count="3" type="stmt"/>
        <line num="43" count="3" type="stmt"/>
        <line num="44" count="3" type="stmt"/>
        <line num="45" count="3" type="stmt"/>
        <line num="46" count="3" type="stmt"/>
        <line num="47" count="3" type="stmt"/>
        <line num="50" count="3" type="cond" truecount="4" falsecount="0"/>
        <line num="51" count="2" type="stmt"/>
        <line num="52" count="2" type="cond" truecount="1" falsecount="1"/>
        <line num="53" count="2" type="stmt"/>
        <line num="57" count="3" type="stmt"/>
        <line num="58" count="3" type="cond" truecount="2" falsecount="0"/>
        <line num="59" count="2" type="stmt"/>
        <line num="66" count="3" type="stmt"/>
      </file>
    </package>
    <package name="ocr2.utils">
      <metrics statements="39" coveredstatements="39" conditionals="24" coveredconditionals="21" methods="3" coveredmethods="3"/>
      <file name="stringMatcher.ts" path="D:\LABUBU\automatizacion\ocr2\utils\stringMatcher.ts">
        <metrics statements="39" coveredstatements="39" conditionals="24" coveredconditionals="21" methods="3" coveredmethods="3"/>
        <line num="3" count="1" type="cond" truecount="0" falsecount="2"/>
        <line num="4" count="23" type="cond" truecount="2" falsecount="0"/>
        <line num="5" count="23" type="cond" truecount="2" falsecount="0"/>
        <line num="6" count="23" type="cond" truecount="2" falsecount="0"/>
        <line num="7" count="1" type="stmt"/>
        <line num="9" count="22" type="cond" truecount="2" falsecount="0"/>
        <line num="10" count="1" type="stmt"/>
        <line num="12" count="21" type="stmt"/>
        <line num="13" count="21" type="stmt"/>
        <line num="14" count="255" type="stmt"/>
        <line num="15" count="255" type="stmt"/>
        <line num="17" count="21" type="stmt"/>
        <line num="18" count="21" type="stmt"/>
        <line num="19" count="233" type="stmt"/>
        <line num="21" count="21" type="stmt"/>
        <line num="22" count="234" type="stmt"/>
        <line num="23" count="3150" type="cond" truecount="2" falsecount="0"/>
        <line num="24" count="249" type="stmt"/>
        <line num="26" count="2901" type="stmt"/>
        <line num="36" count="21" type="stmt"/>
        <line num="41" count="13" type="stmt"/>
        <line num="42" count="13" type="cond" truecount="1" falsecount="1"/>
        <line num="43" count="13" type="stmt"/>
        <line num="47" count="1" type="stmt"/>
        <line num="48" count="6" type="cond" truecount="4" falsecount="0"/>
        <line num="49" count="4" type="stmt"/>
        <line num="51" count="4" type="stmt"/>
        <line num="52" count="4" type="stmt"/>
        <line num="54" count="4" type="stmt"/>
        <line num="55" count="13" type="stmt"/>
        <line num="56" count="13" type="stmt"/>
        <line num="57" count="13" type="stmt"/>
        <line num="58" count="13" type="stmt"/>
        <line num="60" count="13" type="cond" truecount="2" falsecount="0"/>
        <line num="61" count="5" type="stmt"/>
        <line num="62" count="5" type="stmt"/>
        <line num="67" count="4" type="cond" truecount="4" falsecount="0"/>
        <line num="68" count="3" type="stmt"/>
        <line num="70" count="1" type="stmt"/>
      </file>
    </package>
  </project>
</coverage>
