{"D:\\LABUBU\\automatizacion\\ocr2\\server-utils.js": {"path":"D:\\LABUBU\\automatizacion\\ocr2\\server-utils.js","statementMap":{"0":{"start":{"line":4,"column":30},"end":{"line":20,"column":1}},"1":{"start":{"line":6,"column":2},"end":{"line":18,"column":3}},"2":{"start":{"line":6,"column":15},"end":{"line":6,"column":16}},"3":{"start":{"line":7,"column":4},"end":{"line":17,"column":5}},"4":{"start":{"line":8,"column":6},"end":{"line":8,"column":24}},"5":{"start":{"line":10,"column":6},"end":{"line":10,"column":24}},"6":{"start":{"line":11,"column":6},"end":{"line":16,"column":7}},"7":{"start":{"line":12,"column":8},"end":{"line":12,"column":98}},"8":{"start":{"line":13,"column":8},"end":{"line":13,"column":57}},"9":{"start":{"line":13,"column":33},"end":{"line":13,"column":55}},"10":{"start":{"line":15,"column":8},"end":{"line":15,"column":20}},"11":{"start":{"line":19,"column":2},"end":{"line":19,"column":18}},"12":{"start":{"line":24,"column":4},"end":{"line":27,"column":39}},"13":{"start":{"line":31,"column":29},"end":{"line":67,"column":1}},"14":{"start":{"line":32,"column":23},"end":{"line":32,"column":25}},"15":{"start":{"line":33,"column":22},"end":{"line":39,"column":5}},"16":{"start":{"line":34,"column":30},"end":{"line":34,"column":60}},"17":{"start":{"line":34,"column":44},"end":{"line":34,"column":59}},"18":{"start":{"line":35,"column":8},"end":{"line":37,"column":9}},"19":{"start":{"line":36,"column":12},"end":{"line":36,"column":75}},"20":{"start":{"line":36,"column":59},"end":{"line":36,"column":75}},"21":{"start":{"line":38,"column":8},"end":{"line":38,"column":25}},"22":{"start":{"line":41,"column":4},"end":{"line":41,"column":106}},"23":{"start":{"line":42,"column":4},"end":{"line":42,"column":79}},"24":{"start":{"line":43,"column":4},"end":{"line":43,"column":98}},"25":{"start":{"line":44,"column":4},"end":{"line":44,"column":78}},"26":{"start":{"line":45,"column":4},"end":{"line":45,"column":79}},"27":{"start":{"line":46,"column":4},"end":{"line":46,"column":104}},"28":{"start":{"line":47,"column":4},"end":{"line":47,"column":112}},"29":{"start":{"line":50,"column":4},"end":{"line":55,"column":5}},"30":{"start":{"line":51,"column":22},"end":{"line":51,"column":55}},"31":{"start":{"line":52,"column":8},"end":{"line":54,"column":9}},"32":{"start":{"line":53,"column":12},"end":{"line":53,"column":75}},"33":{"start":{"line":57,"column":23},"end":{"line":57,"column":49}},"34":{"start":{"line":58,"column":4},"end":{"line":65,"column":5}},"35":{"start":{"line":59,"column":8},"end":{"line":64,"column":12}},"36":{"start":{"line":59,"column":51},"end":{"line":64,"column":9}},"37":{"start":{"line":66,"column":4},"end":{"line":66,"column":22}}},"fnMap":{"0":{"name":"(anonymous_0)","decl":{"start":{"line":4,"column":30},"end":{"line":4,"column":31}},"loc":{"start":{"line":4,"column":71},"end":{"line":20,"column":1}},"line":4},"1":{"name":"(anonymous_1)","decl":{"start":{"line":13,"column":26},"end":{"line":13,"column":27}},"loc":{"start":{"line":13,"column":33},"end":{"line":13,"column":55}},"line":13},"2":{"name":"repairJson","decl":{"start":{"line":23,"column":16},"end":{"line":23,"column":26}},"loc":{"start":{"line":23,"column":39},"end":{"line":28,"column":1}},"line":23},"3":{"name":"(anonymous_3)","decl":{"start":{"line":31,"column":29},"end":{"line":31,"column":30}},"loc":{"start":{"line":31,"column":39},"end":{"line":67,"column":1}},"line":31},"4":{"name":"(anonymous_4)","decl":{"start":{"line":33,"column":22},"end":{"line":33,"column":23}},"loc":{"start":{"line":33,"column":37},"end":{"line":39,"column":5}},"line":33},"5":{"name":"(anonymous_5)","decl":{"start":{"line":34,"column":39},"end":{"line":34,"column":40}},"loc":{"start":{"line":34,"column":44},"end":{"line":34,"column":59}},"line":34},"6":{"name":"(anonymous_6)","decl":{"start":{"line":59,"column":42},"end":{"line":59,"column":43}},"loc":{"start":{"line":59,"column":51},"end":{"line":64,"column":9}},"line":59}},"branchMap":{"0":{"loc":{"start":{"line":4,"column":41},"end":{"line":4,"column":52}},"type":"default-arg","locations":[{"start":{"line":4,"column":51},"end":{"line":4,"column":52}}],"line":4},"1":{"loc":{"start":{"line":4,"column":54},"end":{"line":4,"column":66}},"type":"default-arg","locations":[{"start":{"line":4,"column":62},"end":{"line":4,"column":66}}],"line":4},"2":{"loc":{"start":{"line":11,"column":6},"end":{"line":16,"column":7}},"type":"if","locations":[{"start":{"line":11,"column":6},"end":{"line":16,"column":7}},{"start":{"line":14,"column":13},"end":{"line":16,"column":7}}],"line":11},"3":{"loc":{"start":{"line":36,"column":12},"end":{"line":36,"column":75}},"type":"if","locations":[{"start":{"line":36,"column":12},"end":{"line":36,"column":75}},{"start":{},"end":{}}],"line":36},"4":{"loc":{"start":{"line":50,"column":4},"end":{"line":55,"column":5}},"type":"if","locations":[{"start":{"line":50,"column":4},"end":{"line":55,"column":5}},{"start":{},"end":{}}],"line":50},"5":{"loc":{"start":{"line":50,"column":8},"end":{"line":50,"column":76}},"type":"binary-expr","locations":[{"start":{"line":50,"column":8},"end":{"line":50,"column":30}},{"start":{"line":50,"column":34},"end":{"line":50,"column":76}}],"line":50},"6":{"loc":{"start":{"line":52,"column":8},"end":{"line":54,"column":9}},"type":"if","locations":[{"start":{"line":52,"column":8},"end":{"line":54,"column":9}},{"start":{},"end":{}}],"line":52},"7":{"loc":{"start":{"line":58,"column":4},"end":{"line":65,"column":5}},"type":"if","locations":[{"start":{"line":58,"column":4},"end":{"line":65,"column":5}},{"start":{},"end":{}}],"line":58}},"s":{"0":1,"1":0,"2":0,"3":0,"4":0,"5":0,"6":0,"7":0,"8":0,"9":0,"10":0,"11":0,"12":4,"13":1,"14":3,"15":3,"16":28,"17":67,"18":28,"19":69,"20":15,"21":13,"22":3,"23":3,"24":3,"25":3,"26":3,"27":3,"28":3,"29":3,"30":2,"31":2,"32":2,"33":3,"34":3,"35":2,"36":1,"37":3},"f":{"0":0,"1":0,"2":4,"3":3,"4":28,"5":67,"6":1},"b":{"0":[0],"1":[0],"2":[0,0],"3":[15,54],"4":[2,1],"5":[3,2],"6":[2,0],"7":[2,1]},"inputSourceMap":null,"_coverageSchema":"1a1c01bbd47fc00a2c39e90264f33305004495a9","hash":"4bceb2d876933d14f7f41461e09532f7efcba609"}
,"D:\\LABUBU\\automatizacion\\ocr2\\utils\\stringMatcher.ts": {"path":"D:\\LABUBU\\automatizacion\\ocr2\\utils\\stringMatcher.ts","statementMap":{"0":{"start":{"line":3,"column":0},"end":{"line":3,"column":16}},"1":{"start":{"line":47,"column":0},"end":{"line":47,"column":16}},"2":{"start":{"line":4,"column":15},"end":{"line":4,"column":31}},"3":{"start":{"line":5,"column":15},"end":{"line":5,"column":31}},"4":{"start":{"line":6,"column":4},"end":{"line":8,"column":5}},"5":{"start":{"line":7,"column":8},"end":{"line":7,"column":18}},"6":{"start":{"line":9,"column":4},"end":{"line":11,"column":5}},"7":{"start":{"line":10,"column":8},"end":{"line":10,"column":18}},"8":{"start":{"line":12,"column":19},"end":{"line":12,"column":36}},"9":{"start":{"line":13,"column":4},"end":{"line":16,"column":5}},"10":{"start":{"line":13,"column":17},"end":{"line":13,"column":18}},"11":{"start":{"line":14,"column":18},"end":{"line":14,"column":47}},"12":{"start":{"line":15,"column":8},"end":{"line":15,"column":19}},"13":{"start":{"line":17,"column":21},"end":{"line":17,"column":30}},"14":{"start":{"line":18,"column":4},"end":{"line":20,"column":5}},"15":{"start":{"line":18,"column":17},"end":{"line":18,"column":18}},"16":{"start":{"line":19,"column":8},"end":{"line":19,"column":24}},"17":{"start":{"line":21,"column":4},"end":{"line":35,"column":5}},"18":{"start":{"line":21,"column":17},"end":{"line":21,"column":18}},"19":{"start":{"line":22,"column":8},"end":{"line":34,"column":9}},"20":{"start":{"line":22,"column":21},"end":{"line":22,"column":22}},"21":{"start":{"line":23,"column":12},"end":{"line":33,"column":13}},"22":{"start":{"line":24,"column":16},"end":{"line":24,"column":52}},"23":{"start":{"line":26,"column":16},"end":{"line":32,"column":18}},"24":{"start":{"line":36,"column":4},"end":{"line":36,"column":26}},"25":{"start":{"line":41,"column":19},"end":{"line":41,"column":39}},"26":{"start":{"line":42,"column":4},"end":{"line":42,"column":31}},"27":{"start":{"line":42,"column":22},"end":{"line":42,"column":31}},"28":{"start":{"line":43,"column":4},"end":{"line":43,"column":33}},"29":{"start":{"line":48,"column":4},"end":{"line":48,"column":56}},"30":{"start":{"line":48,"column":44},"end":{"line":48,"column":56}},"31":{"start":{"line":49,"column":24},"end":{"line":49,"column":44}},"32":{"start":{"line":51,"column":30},"end":{"line":51,"column":34}},"33":{"start":{"line":52,"column":20},"end":{"line":52,"column":22}},"34":{"start":{"line":54,"column":4},"end":{"line":64,"column":5}},"35":{"start":{"line":55,"column":30},"end":{"line":55,"column":53}},"36":{"start":{"line":56,"column":31},"end":{"line":56,"column":58}},"37":{"start":{"line":57,"column":25},"end":{"line":57,"column":73}},"38":{"start":{"line":58,"column":22},"end":{"line":58,"column":85}},"39":{"start":{"line":60,"column":8},"end":{"line":63,"column":9}},"40":{"start":{"line":61,"column":12},"end":{"line":61,"column":30}},"41":{"start":{"line":62,"column":12},"end":{"line":62,"column":34}},"42":{"start":{"line":67,"column":4},"end":{"line":69,"column":5}},"43":{"start":{"line":68,"column":8},"end":{"line":68,"column":47}},"44":{"start":{"line":70,"column":4},"end":{"line":70,"column":16}}},"fnMap":{"0":{"name":"levenshteinDistance","decl":{"start":{"line":3,"column":16},"end":{"line":3,"column":35}},"loc":{"start":{"line":3,"column":66},"end":{"line":37,"column":1}}},"1":{"name":"similarity","decl":{"start":{"line":40,"column":9},"end":{"line":40,"column":19}},"loc":{"start":{"line":40,"column":64},"end":{"line":44,"column":1}}},"2":{"name":"findBestMatch","decl":{"start":{"line":47,"column":16},"end":{"line":47,"column":29}},"loc":{"start":{"line":47,"column":104},"end":{"line":71,"column":1}}}},"branchMap":{"0":{"loc":{"start":{"line":3,"column":36},"end":{"line":3,"column":50}},"type":"default-arg","locations":[{"start":{"line":3,"column":48},"end":{"line":3,"column":50}}]},"1":{"loc":{"start":{"line":3,"column":52},"end":{"line":3,"column":66}},"type":"default-arg","locations":[{"start":{"line":3,"column":64},"end":{"line":3,"column":66}}]},"2":{"loc":{"start":{"line":4,"column":15},"end":{"line":4,"column":31}},"type":"cond-expr","locations":[{"start":{"line":4,"column":19},"end":{"line":4,"column":27}},{"start":{"line":4,"column":30},"end":{"line":4,"column":31}}]},"3":{"loc":{"start":{"line":5,"column":15},"end":{"line":5,"column":31}},"type":"cond-expr","locations":[{"start":{"line":5,"column":19},"end":{"line":5,"column":27}},{"start":{"line":5,"column":30},"end":{"line":5,"column":31}}]},"4":{"loc":{"start":{"line":6,"column":4},"end":{"line":8,"column":5}},"type":"if","locations":[{"start":{"line":6,"column":4},"end":{"line":8,"column":5}},{"start":{},"end":{}}]},"5":{"loc":{"start":{"line":9,"column":4},"end":{"line":11,"column":5}},"type":"if","locations":[{"start":{"line":9,"column":4},"end":{"line":11,"column":5}},{"start":{},"end":{}}]},"6":{"loc":{"start":{"line":23,"column":12},"end":{"line":33,"column":13}},"type":"if","locations":[{"start":{"line":23,"column":12},"end":{"line":33,"column":13}},{"start":{"line":25,"column":19},"end":{"line":33,"column":13}}]},"7":{"loc":{"start":{"line":42,"column":4},"end":{"line":42,"column":31}},"type":"if","locations":[{"start":{"line":42,"column":4},"end":{"line":42,"column":31}},{"start":{},"end":{}}]},"8":{"loc":{"start":{"line":48,"column":4},"end":{"line":48,"column":56}},"type":"if","locations":[{"start":{"line":48,"column":4},"end":{"line":48,"column":56}},{"start":{},"end":{}}]},"9":{"loc":{"start":{"line":48,"column":8},"end":{"line":48,"column":42}},"type":"binary-expr","locations":[{"start":{"line":48,"column":8},"end":{"line":48,"column":15}},{"start":{"line":48,"column":19},"end":{"line":48,"column":42}}]},"10":{"loc":{"start":{"line":60,"column":8},"end":{"line":63,"column":9}},"type":"if","locations":[{"start":{"line":60,"column":8},"end":{"line":63,"column":9}},{"start":{},"end":{}}]},"11":{"loc":{"start":{"line":67,"column":4},"end":{"line":69,"column":5}},"type":"if","locations":[{"start":{"line":67,"column":4},"end":{"line":69,"column":5}},{"start":{},"end":{}}]},"12":{"loc":{"start":{"line":67,"column":8},"end":{"line":67,"column":36}},"type":"binary-expr","locations":[{"start":{"line":67,"column":8},"end":{"line":67,"column":17}},{"start":{"line":67,"column":21},"end":{"line":67,"column":36}}]}},"s":{"0":1,"1":1,"2":23,"3":23,"4":23,"5":1,"6":22,"7":1,"8":21,"9":21,"10":21,"11":255,"12":255,"13":21,"14":21,"15":21,"16":233,"17":21,"18":21,"19":234,"20":234,"21":3150,"22":249,"23":2901,"24":21,"25":13,"26":13,"27":0,"28":13,"29":6,"30":2,"31":4,"32":4,"33":4,"34":4,"35":13,"36":13,"37":13,"38":13,"39":13,"40":5,"41":5,"42":4,"43":3,"44":1},"f":{"0":23,"1":13,"2":6},"b":{"0":[0],"1":[0],"2":[22,1],"3":[22,1],"4":[1,22],"5":[1,21],"6":[249,2901],"7":[0,13],"8":[2,4],"9":[6,5],"10":[5,8],"11":[3,1],"12":[4,4]}}
}
