TN:
SF:server-utils.js
FN:4,(anonymous_0)
FN:13,(anonymous_1)
FN:23,repairJson
FN:31,(anonymous_3)
FN:33,(anonymous_4)
FN:34,(anonymous_5)
FN:59,(anonymous_6)
FNF:7
FNH:5
FNDA:0,(anonymous_0)
FNDA:0,(anonymous_1)
FNDA:4,repairJson
FNDA:3,(anonymous_3)
FNDA:28,(anonymous_4)
FNDA:67,(anonymous_5)
FNDA:1,(anonymous_6)
DA:4,1
DA:6,0
DA:7,0
DA:8,0
DA:10,0
DA:11,0
DA:12,0
DA:13,0
DA:15,0
DA:19,0
DA:24,4
DA:31,1
DA:32,3
DA:33,3
DA:34,67
DA:35,28
DA:36,69
DA:38,13
DA:41,3
DA:42,3
DA:43,3
DA:44,3
DA:45,3
DA:46,3
DA:47,3
DA:50,3
DA:51,2
DA:52,2
DA:53,2
DA:57,3
DA:58,3
DA:59,2
DA:66,3
LF:33
LH:24
BRDA:4,0,0,0
BRDA:4,1,0,0
BRDA:11,2,0,0
BRDA:11,2,1,0
BRDA:36,3,0,15
BRDA:36,3,1,54
BRDA:50,4,0,2
BRDA:50,4,1,1
BRDA:50,5,0,3
BRDA:50,5,1,2
BRDA:52,6,0,2
BRDA:52,6,1,0
BRDA:58,7,0,2
BRDA:58,7,1,1
BRF:14
BRH:9
end_of_record
TN:
SF:utils\stringMatcher.ts
FN:3,levenshteinDistance
FN:40,similarity
FN:47,findBestMatch
FNF:3
FNH:3
FNDA:23,levenshteinDistance
FNDA:13,similarity
FNDA:6,findBestMatch
DA:3,1
DA:4,23
DA:5,23
DA:6,23
DA:7,1
DA:9,22
DA:10,1
DA:12,21
DA:13,21
DA:14,255
DA:15,255
DA:17,21
DA:18,21
DA:19,233
DA:21,21
DA:22,234
DA:23,3150
DA:24,249
DA:26,2901
DA:36,21
DA:41,13
DA:42,13
DA:43,13
DA:47,1
DA:48,6
DA:49,4
DA:51,4
DA:52,4
DA:54,4
DA:55,13
DA:56,13
DA:57,13
DA:58,13
DA:60,13
DA:61,5
DA:62,5
DA:67,4
DA:68,3
DA:70,1
LF:39
LH:39
BRDA:3,0,0,0
BRDA:3,1,0,0
BRDA:4,2,0,22
BRDA:4,2,1,1
BRDA:5,3,0,22
BRDA:5,3,1,1
BRDA:6,4,0,1
BRDA:6,4,1,22
BRDA:9,5,0,1
BRDA:9,5,1,21
BRDA:23,6,0,249
BRDA:23,6,1,2901
BRDA:42,7,0,0
BRDA:42,7,1,13
BRDA:48,8,0,2
BRDA:48,8,1,4
BRDA:48,9,0,6
BRDA:48,9,1,5
BRDA:60,10,0,5
BRDA:60,10,1,8
BRDA:67,11,0,3
BRDA:67,11,1,1
BRDA:67,12,0,4
BRDA:67,12,1,4
BRF:24
BRH:21
end_of_record
